Using pre-set license
Built from '2020.3/staging' branch; Version is '2020.3.11f1 (99c7afb366b3) revision 10078127'; Using compiler version '192528614'; Build Type 'Release'
OS: 'Windows 10 Home; OS build 19042.985; Version 2009; 64bit' Language: 'en' Physical Memory: 16292 MB
BatchMode: 1, IsHumanControllingUs: 0, StartBugReporterOnCrash: 0, Is64bit: 1, IsPro: 0

 COMMAND LINE ARGUMENTS:
C:\Program Files\Unity\Hub\Editor\2020.3.11f1\Editor\Unity.exe
-adb2
-batchMode
-noUpm
-name
AssetImportWorker0
-projectPath
D:/GitHub/UnityJenkinsTestBuild/TestBuild
-logFile
Logs/AssetImportWorker0.log
-srvPort
55966
Successfully changed project path to: D:/GitHub/UnityJenkinsTestBuild/TestBuild
D:/GitHub/UnityJenkinsTestBuild/TestBuild
Using Asset Import Pipeline V2.
Refreshing native plugins compatible for Editor in 33.13 ms, found 3 plugins.
Preloading 0 native plugins for Editor in 0.00 ms.
Initialize engine version: 2020.3.11f1 (99c7afb366b3)
[Subsystems] Discovering subsystems at path C:/Program Files/Unity/Hub/Editor/2020.3.11f1/Editor/Data/Resources/UnitySubsystems
[Subsystems] Discovering subsystems at path D:/GitHub/UnityJenkinsTestBuild/TestBuild/Assets
GfxDevice: creating device client; threaded=0
Direct3D:
    Version:  Direct3D 11.0 [level 11.1]
    Renderer: NVIDIA GeForce RTX 2060 (ID=0x1f08)
    Vendor:   
    VRAM:     5980 MB
    Driver:   27.21.14.6660
Initialize mono
Mono path[0] = 'C:/Program Files/Unity/Hub/Editor/2020.3.11f1/Editor/Data/Managed'
Mono path[1] = 'C:/Program Files/Unity/Hub/Editor/2020.3.11f1/Editor/Data/MonoBleedingEdge/lib/mono/unityjit'
Mono config path = 'C:/Program Files/Unity/Hub/Editor/2020.3.11f1/Editor/Data/MonoBleedingEdge/etc'
Using monoOptions --debugger-agent=transport=dt_socket,embedding=1,server=y,suspend=n,address=127.0.0.1:56652
Begin MonoManager ReloadAssembly
Registering precompiled unity dll's ...
Register platform support module: C:/Program Files/Unity/Hub/Editor/2020.3.11f1/Editor/Data/PlaybackEngines/WebGLSupport/UnityEditor.WebGL.Extensions.dll
Register platform support module: C:/Program Files/Unity/Hub/Editor/2020.3.11f1/Editor/Data/PlaybackEngines/WindowsStandaloneSupport/UnityEditor.WindowsStandalone.Extensions.dll
Registered in 0.001907 seconds.
Native extension for WindowsStandalone target not found
Native extension for WebGL target not found
Refreshing native plugins compatible for Editor in 30.32 ms, found 3 plugins.
Preloading 0 native plugins for Editor in 0.00 ms.
Mono: successfully reloaded assembly
- Completed reload, in  1.524 seconds
Platform modules already initialized, skipping
Registering precompiled user dll's ...
Registered in 0.002299 seconds.
Begin MonoManager ReloadAssembly
Native extension for WindowsStandalone target not found
Native extension for WebGL target not found
Refreshing native plugins compatible for Editor in 30.46 ms, found 3 plugins.
Preloading 0 native plugins for Editor in 0.00 ms.
Mono: successfully reloaded assembly
- Completed reload, in  0.845 seconds
Platform modules already initialized, skipping
========================================================================
Worker process is ready to serve import requests
Launched and connected shader compiler UnityShaderCompiler.exe after 0.03 seconds
Refreshing native plugins compatible for Editor in 0.38 ms, found 3 plugins.
Preloading 0 native plugins for Editor in 0.00 ms.
Unloading 2093 Unused Serialized files (Serialized files now loaded: 0)
System memory in use before: 95.0 MB.
System memory in use after: 95.0 MB.

Unloading 33 unused Assets to reduce memory usage. Loaded Objects now: 2527.
Total: 2.607100 ms (FindLiveObjects: 0.194300 ms CreateObjectMapping: 0.107800 ms MarkObjects: 2.145600 ms  DeleteObjects: 0.158600 ms)

========================================================================
Received Import Request.
  path: Assets/Scenes/SampleScene.unity
  artifactKey: Guid(2cda990e2423bbf4892e6590ba056729) Importer(815301076,1909f56bfc062723c751e8b465ee728b)
Start importing Assets/Scenes/SampleScene.unity using Guid(2cda990e2423bbf4892e6590ba056729) Importer(815301076,1909f56bfc062723c751e8b465ee728b)  -> (artifact id: '2408073b1725f12c42fdea20c9fa979a') in 0.014979 seconds
  Import took 0.017497 seconds .

========================================================================
Received Import Request.
  Time since last request: 3.314629 seconds.
  path: Assets/Scenes/main.unity
  artifactKey: Guid(2cda990e2423bbf4892e6590ba056729) Importer(815301076,1909f56bfc062723c751e8b465ee728b)
Start importing Assets/Scenes/main.unity using Guid(2cda990e2423bbf4892e6590ba056729) Importer(815301076,1909f56bfc062723c751e8b465ee728b)  -> (artifact id: '2c0512462b64271653743e0b48c3729f') in 0.006501 seconds
  Import took 0.009508 seconds .

========================================================================
Received Import Request.
  Time since last request: 6.362457 seconds.
  path: Assets/Scenes
  artifactKey: Guid(8622d3f4d4e429743b3a442871e9f243) Importer(815301076,1909f56bfc062723c751e8b465ee728b)
Start importing Assets/Scenes using Guid(8622d3f4d4e429743b3a442871e9f243) Importer(815301076,1909f56bfc062723c751e8b465ee728b)  -> (artifact id: '249513e4e80abb1065f344c75103db1c') in 0.005182 seconds
  Import took 0.007816 seconds .

========================================================================
Received Import Request.
  Time since last request: 1.916099 seconds.
  path: Assets
  artifactKey: Guid(00000000000000001000000000000000) Importer(815301076,1909f56bfc062723c751e8b465ee728b)
Start importing Assets using Guid(00000000000000001000000000000000) Importer(815301076,1909f56bfc062723c751e8b465ee728b)  -> (artifact id: '42d402b061de3733987d63b9cc3b64de') in 0.005110 seconds
  Import took 0.007787 seconds .

========================================================================
Received Import Request.
  Time since last request: 10.337266 seconds.
  path: Assets/JenkinsBuild.cs
  artifactKey: Guid(0aad0287230a4aa4db3dd0276cfd7123) Importer(815301076,1909f56bfc062723c751e8b465ee728b)
Start importing Assets/JenkinsBuild.cs using Guid(0aad0287230a4aa4db3dd0276cfd7123) Importer(815301076,1909f56bfc062723c751e8b465ee728b)  -> (artifact id: '7b0b8bd9bda75961b2758112af33db8a') in 0.023294 seconds
  Import took 0.038532 seconds .

========================================================================
Received Prepare
Registering precompiled user dll's ...
Registered in 0.002095 seconds.
Begin MonoManager ReloadAssembly
Native extension for WindowsStandalone target not found
Native extension for WebGL target not found
Refreshing native plugins compatible for Editor in 0.41 ms, found 3 plugins.
Preloading 0 native plugins for Editor in 0.00 ms.
Mono: successfully reloaded assembly
- Completed reload, in  0.797 seconds
Platform modules already initialized, skipping
Refreshing native plugins compatible for Editor in 0.45 ms, found 3 plugins.
Preloading 0 native plugins for Editor in 0.00 ms.
Unloading 2076 Unused Serialized files (Serialized files now loaded: 0)
System memory in use before: 93.7 MB.
System memory in use after: 93.7 MB.

Unloading 21 unused Assets to reduce memory usage. Loaded Objects now: 2532.
Total: 2.067600 ms (FindLiveObjects: 0.218000 ms CreateObjectMapping: 0.086900 ms MarkObjects: 1.662600 ms  DeleteObjects: 0.098900 ms)

========================================================================
Received Import Request.
  Time since last request: 100.495339 seconds.
  path: Assets/JenkinsBuild.cs
  artifactKey: Guid(0aad0287230a4aa4db3dd0276cfd7123) Importer(815301076,1909f56bfc062723c751e8b465ee728b)
Start importing Assets/JenkinsBuild.cs using Guid(0aad0287230a4aa4db3dd0276cfd7123) Importer(815301076,1909f56bfc062723c751e8b465ee728b)  -> (artifact id: 'ddc72dd9ed6807ee48edfe6b4608f1e0') in 0.005811 seconds
  Import took 0.011958 seconds .

========================================================================
Received Import Request.
  Time since last request: 0.051082 seconds.
  path: Assets/JenkinsBuild.cs
  artifactKey: Guid(0aad0287230a4aa4db3dd0276cfd7123) Importer(815301076,1909f56bfc062723c751e8b465ee728b)
Start importing Assets/JenkinsBuild.cs using Guid(0aad0287230a4aa4db3dd0276cfd7123) Importer(815301076,1909f56bfc062723c751e8b465ee728b)  -> (artifact id: 'ddc72dd9ed6807ee48edfe6b4608f1e0') in 0.002295 seconds
  Import took 0.006292 seconds .

========================================================================
Received Prepare
Registering precompiled user dll's ...
Registered in 0.002513 seconds.
Begin MonoManager ReloadAssembly
Native extension for WindowsStandalone target not found
Native extension for WebGL target not found
Refreshing native plugins compatible for Editor in 0.42 ms, found 3 plugins.
Preloading 0 native plugins for Editor in 0.00 ms.
Mono: successfully reloaded assembly
- Completed reload, in  0.801 seconds
Platform modules already initialized, skipping
Refreshing native plugins compatible for Editor in 0.46 ms, found 3 plugins.
Preloading 0 native plugins for Editor in 0.00 ms.
Unloading 2076 Unused Serialized files (Serialized files now loaded: 0)
System memory in use before: 93.8 MB.
System memory in use after: 93.8 MB.

Unloading 21 unused Assets to reduce memory usage. Loaded Objects now: 2536.
Total: 1.740500 ms (FindLiveObjects: 0.170100 ms CreateObjectMapping: 0.070800 ms MarkObjects: 1.414500 ms  DeleteObjects: 0.084200 ms)

AssetImportWorkerClient::OnTransportError - code=2 error=End of file
